[11-Nov-2025 12:31:27 UTC] PHP Parse error:  syntax error, unexpected token "}", expecting "," or ";" in /mnt/4AC88463C8844F5F/Programacao/Teoria/Front-End/Origamid_Programação/07-PHP Básico/sites-wp/php/app/public/wp-content/themes/php/index.php on line 51
[11-Nov-2025 12:34:38 UTC] PHP Parse error:  syntax error, unexpected token "}", expecting "," or ";" in /mnt/4AC88463C8844F5F/Programacao/Teoria/Front-End/Origamid_Programação/07-PHP Básico/sites-wp/php/app/public/wp-content/themes/php/index.php on line 57
[11-Nov-2025 12:38:08 UTC] PHP Warning:  Undefined variable $produtos in /mnt/4AC88463C8844F5F/Programacao/Teoria/Front-End/Origamid_Programação/07-PHP Básico/sites-wp/php/app/public/wp-content/themes/php/index.php on line 93
[11-Nov-2025 12:38:08 UTC] PHP Warning:  foreach() argument must be of type array|object, null given in /mnt/4AC88463C8844F5F/Programacao/Teoria/Front-End/Origamid_Programação/07-PHP Básico/sites-wp/php/app/public/wp-content/themes/php/index.php on line 93
[11-Nov-2025 12:38:21 UTC] PHP Warning:  Undefined variable $produtos in /mnt/4AC88463C8844F5F/Programacao/Teoria/Front-End/Origamid_Programação/07-PHP Básico/sites-wp/php/app/public/wp-content/themes/php/index.php on line 94
[11-Nov-2025 12:38:21 UTC] PHP Warning:  foreach() argument must be of type array|object, null given in /mnt/4AC88463C8844F5F/Programacao/Teoria/Front-End/Origamid_Programação/07-PHP Básico/sites-wp/php/app/public/wp-content/themes/php/index.php on line 94
[11-Nov-2025 12:54:26 UTC] PHP Parse error:  syntax error, unexpected token "." in /mnt/4AC88463C8844F5F/Programacao/Teoria/Front-End/Origamid_Programação/07-PHP Básico/sites-wp/php/app/public/wp-content/themes/php/index.php on line 126
[11-Nov-2025 12:55:44 UTC] PHP Parse error:  syntax error, unexpected token "." in /mnt/4AC88463C8844F5F/Programacao/Teoria/Front-End/Origamid_Programação/07-PHP Básico/sites-wp/php/app/public/wp-content/themes/php/index.php on line 126
[11-Nov-2025 12:56:49 UTC] PHP Warning:  Array to string conversion in /mnt/4AC88463C8844F5F/Programacao/Teoria/Front-End/Origamid_Programação/07-PHP Básico/sites-wp/php/app/public/wp-content/themes/php/index.php on line 126
[11-Nov-2025 12:56:49 UTC] PHP Warning:  Array to string conversion in /mnt/4AC88463C8844F5F/Programacao/Teoria/Front-End/Origamid_Programação/07-PHP Básico/sites-wp/php/app/public/wp-content/themes/php/index.php on line 126
[11-Nov-2025 12:56:58 UTC] PHP Warning:  Array to string conversion in /mnt/4AC88463C8844F5F/Programacao/Teoria/Front-End/Origamid_Programação/07-PHP Básico/sites-wp/php/app/public/wp-content/themes/php/index.php on line 126
[11-Nov-2025 12:56:58 UTC] PHP Warning:  Array to string conversion in /mnt/4AC88463C8844F5F/Programacao/Teoria/Front-End/Origamid_Programação/07-PHP Básico/sites-wp/php/app/public/wp-content/themes/php/index.php on line 126
[11-Nov-2025 12:57:00 UTC] PHP Warning:  Array to string conversion in /mnt/4AC88463C8844F5F/Programacao/Teoria/Front-End/Origamid_Programação/07-PHP Básico/sites-wp/php/app/public/wp-content/themes/php/index.php on line 126
[11-Nov-2025 12:57:00 UTC] PHP Warning:  Array to string conversion in /mnt/4AC88463C8844F5F/Programacao/Teoria/Front-End/Origamid_Programação/07-PHP Básico/sites-wp/php/app/public/wp-content/themes/php/index.php on line 126
[11-Nov-2025 12:57:00 UTC] PHP Warning:  Array to string conversion in /mnt/4AC88463C8844F5F/Programacao/Teoria/Front-End/Origamid_Programação/07-PHP Básico/sites-wp/php/app/public/wp-content/themes/php/index.php on line 126
[11-Nov-2025 12:57:00 UTC] PHP Warning:  Array to string conversion in /mnt/4AC88463C8844F5F/Programacao/Teoria/Front-End/Origamid_Programação/07-PHP Básico/sites-wp/php/app/public/wp-content/themes/php/index.php on line 126
[11-Nov-2025 12:57:00 UTC] PHP Warning:  Array to string conversion in /mnt/4AC88463C8844F5F/Programacao/Teoria/Front-End/Origamid_Programação/07-PHP Básico/sites-wp/php/app/public/wp-content/themes/php/index.php on line 126
[11-Nov-2025 12:57:00 UTC] PHP Warning:  Array to string conversion in /mnt/4AC88463C8844F5F/Programacao/Teoria/Front-End/Origamid_Programação/07-PHP Básico/sites-wp/php/app/public/wp-content/themes/php/index.php on line 126
[11-Nov-2025 12:57:25 UTC] PHP Warning:  Array to string conversion in /mnt/4AC88463C8844F5F/Programacao/Teoria/Front-End/Origamid_Programação/07-PHP Básico/sites-wp/php/app/public/wp-content/themes/php/index.php on line 126
[11-Nov-2025 14:55:44 UTC] Erro de evento de reagendamento do cron para o gancho: wp_privacy_delete_old_export_files, código de erro: could_not_set, mensagem de erro: Não foi possível salvar a lista de evento do cron, dados: {"schedule":"hourly","args":[],"interval":3600}
